<?xml version="1.0" encoding="UTF-8"?>
<!-- Generated by org.testng.reporters.JUnitXMLReporter -->
<testsuite ignored="0" hostname="Subramanyam" failures="0" tests="5" name="Data Driven Test" time="73.142" errors="0" timestamp="17 Apr 2022 01:35:59 GMT">
  <testcase classname="com.subbu.testcases.RegistrationTest" name="fillRegForm" time="13.376"/>
  <testcase classname="com.subbu.testcases.RegistrationTest" name="fillRegForm" time="12.416"/>
  <testcase classname="com.subbu.testcases.RegistrationTest" name="fillRegForm" time="12.11"/>
  <testcase classname="com.subbu.testcases.RegistrationTest" name="fillRegForm" time="13.838"/>
  <testcase classname="com.subbu.testcases.RegistrationTest" name="fillRegForm" time="12.518"/>
</testsuite> <!-- Data Driven Test -->
