<?xml version="1.0" encoding="UTF-8"?>
<!-- Generated by org.testng.reporters.JUnitXMLReporter -->
<testsuite ignored="3" hostname="Subramanyam" failures="1" tests="2" name="FireFox Test(failed)" time="31.655" errors="0" timestamp="03 Mar 2022 02:28:28 GMT">
  <testcase classname="com.sample.test.TestBase" name="@AfterTest afterTest" time="0.021">
    <failure type="org.openqa.selenium.remote.http.ConnectionFailedException" message="Unable to establish websocket connection to http://localhost:65503/devtools/browser/82495e40-e092-472c-b751-dab5ba373953
Build info: version: &amp;apos;4.1.2&amp;apos;, revision: &amp;apos;9a5a329c5a&amp;apos;
System info: host: &amp;apos;SUBRAMANYAM&amp;apos;, ip: &amp;apos;192.168.225.89&amp;apos;, os.name: &amp;apos;Windows 10&amp;apos;, os.arch: &amp;apos;amd64&amp;apos;, os.version: &amp;apos;10.0&amp;apos;, java.version: &amp;apos;17.0.1&amp;apos;
Driver info: driver.version: RemoteWebDriver">
      <![CDATA[org.openqa.selenium.remote.http.ConnectionFailedException: Unable to establish websocket connection to http://localhost:65503/devtools/browser/82495e40-e092-472c-b751-dab5ba373953
Build info: version: '4.1.2', revision: '9a5a329c5a'
System info: host: 'SUBRAMANYAM', ip: '192.168.225.89', os.name: 'Windows 10', os.arch: 'amd64', os.version: '10.0', java.version: '17.0.1'
Driver info: driver.version: RemoteWebDriver
at org.openqa.selenium.remote.http.netty.NettyWebSocket.<init>(NettyWebSocket.java:104)
at org.openqa.selenium.remote.http.netty.NettyWebSocket.lambda$create$3(NettyWebSocket.java:137)
at org.openqa.selenium.remote.http.netty.NettyClient.openSocket(NettyClient.java:118)
at org.openqa.selenium.devtools.Connection.<init>(Connection.java:77)
at org.openqa.selenium.firefox.FirefoxDriver.maybeGetDevTools(FirefoxDriver.java:310)
at org.openqa.selenium.remote.RemoteWebDriver.close(RemoteWebDriver.java:440)
at com.sample.test.TestBase.afterTest(TestBase.java:52)
at java.base/java.util.concurrent.FutureTask.run(FutureTask.java:264)
at java.base/java.util.concurrent.ThreadPoolExecutor.runWorker(ThreadPoolExecutor.java:1136)
at java.base/java.util.concurrent.ThreadPoolExecutor$Worker.run(ThreadPoolExecutor.java:635)
at java.base/java.lang.Thread.run(Thread.java:833)
... Removed 15 stack frames]]>
    </failure>
  </testcase> <!-- @AfterTest afterTest -->
  <testcase classname="com.sample.test.FirstTestNGClass" name="verifyRegPageLanding" time="0.018">
    <failure type="java.lang.AssertionError" message="expected [https://www.westernunion.com/in/en/web/user/regir] but found [https://www.westernunion.com/in/en/web/user/register]">
      <![CDATA[java.lang.AssertionError: expected [https://www.westernunion.com/in/en/web/user/regir] but found [https://www.westernunion.com/in/en/web/user/register]
at com.sample.test.FirstTestNGClass.verifyRegPageLanding(FirstTestNGClass.java:17)
at java.base/java.util.concurrent.FutureTask.run(FutureTask.java:264)
at java.base/java.util.concurrent.ThreadPoolExecutor.runWorker(ThreadPoolExecutor.java:1136)
at java.base/java.util.concurrent.ThreadPoolExecutor$Worker.run(ThreadPoolExecutor.java:635)
at java.base/java.lang.Thread.run(Thread.java:833)
... Removed 22 stack frames]]>
    </failure>
  </testcase> <!-- verifyRegPageLanding -->
  <testcase classname="com.sample.test.FirstTestNGClass" name="enterFirstName" time="0.0">
    <skipped/>
  </testcase> <!-- enterFirstName -->
  <testcase classname="com.sample.test.FirstTestNGClass" name="lastNameField" time="0.0">
    <ignored/>
  </testcase> <!-- lastNameField -->
  <testcase classname="com.sample.test.FirstTestNGClass" name="dobField" time="0.0">
    <ignored/>
  </testcase> <!-- dobField -->
  <testcase classname="com.sample.test.FirstTestNGClass" name="middleNameField" time="0.0">
    <ignored/>
  </testcase> <!-- middleNameField -->
</testsuite> <!-- FireFox Test(failed) -->
